<?xml version="1.0" encoding="UTF-8"?>
<!-- Generated by org.testng.reporters.JUnitReportReporter -->
<testsuite name="signup.SignUpTest" tests="1" time="175.606" ignored="0" failures="0" timestamp="17 бер. 2017 17:24:49 GMT" skipped="0" hostname="Spectre" errors="0">
  <testcase name="loginTest" time="175.606" classname="signup.SignUpTest"/>
</testsuite> <!-- signup.SignUpTest -->
