<?xml version="1.0" encoding="UTF-8"?>
<!-- Generated by org.testng.reporters.JUnitReportReporter -->
<testsuite name="navigation.NavigationTest" tests="2" time="30.112" ignored="3" failures="0" timestamp="06 квіт. 2017 17:15:43 GMT" skipped="0" hostname="Spectre" errors="0">
  <testcase name="freelancerTest" time="17.539" classname="navigation.NavigationTest"/>
  <testcase name="jobsTest" time="12.573" classname="navigation.NavigationTest"/>
  <testcase name="howItWorksTest" classname="navigation.NavigationTest">
    <skipped/>
  </testcase> <!-- howItWorksTest -->
  <testcase name="becomeFreelancerTest" classname="navigation.NavigationTest">
    <skipped/>
  </testcase> <!-- becomeFreelancerTest -->
  <testcase name="browseTest" classname="navigation.NavigationTest">
    <skipped/>
  </testcase> <!-- browseTest -->
</testsuite> <!-- navigation.NavigationTest -->
