<?xml version="1.0" encoding="UTF-8"?>
<!-- Generated by org.testng.reporters.JUnitReportReporter -->
<testsuite name="login.LoginTest" tests="3" time="52.482" ignored="0" failures="0" timestamp="06 бер. 2017 17:48:10 GMT" skipped="0" hostname="Spectre" errors="0">
  <testcase name="loginButtonTest" time="16.853" classname="login.LoginTest"/>
  <testcase name="loginTest" time="24.356" classname="login.LoginTest"/>
  <testcase name="signUpButtonTest" time="11.273" classname="login.LoginTest"/>
</testsuite> <!-- login.LoginTest -->
