<?xml version="1.0" encoding="UTF-8"?>
<!-- Generated by org.testng.reporters.JUnitReportReporter -->
<testsuite name="homepage.HomePageTest" tests="1" time="20.269" ignored="0" failures="0" timestamp="07 квіт. 2017 16:06:51 GMT" skipped="0" hostname="Spectre" errors="0">
  <testcase name="pricingTitleTest" time="20.269" classname="homepage.HomePageTest"/>
</testsuite> <!-- homepage.HomePageTest -->
