<?xml version="1.0" encoding="UTF-8"?>
<!-- Generated by org.testng.reporters.JUnitReportReporter -->
<testsuite name="browsemenu.BrowseCategoriesTest" tests="9" time="130.232" ignored="0" failures="0" timestamp="19 бер. 2017 21:19:34 GMT" skipped="0" hostname="Spectre" errors="0">
  <testcase name="designersandCreativesTest" time="17.397" classname="browsemenu.BrowseCategoriesTest"/>
  <testcase name="mobileDevelopersTest" time="14.110" classname="browsemenu.BrowseCategoriesTest"/>
  <testcase name="customerServiceAgentsTest" time="14.479" classname="browsemenu.BrowseCategoriesTest"/>
  <testcase name="salesMarketingExpertsTest" time="11.598" classname="browsemenu.BrowseCategoriesTest"/>
  <testcase name="virtualAssistantsTest" time="14.757" classname="browsemenu.BrowseCategoriesTest"/>
  <testcase name="webDevelopersTest" time="13.995" classname="browsemenu.BrowseCategoriesTest"/>
  <testcase name="viewAllCategoriesTest" time="15.361" classname="browsemenu.BrowseCategoriesTest"/>
  <testcase name="writersTest" time="14.227" classname="browsemenu.BrowseCategoriesTest"/>
  <testcase name="accountantsConsultantsTest" time="14.308" classname="browsemenu.BrowseCategoriesTest"/>
</testsuite> <!-- browsemenu.BrowseCategoriesTest -->
