<?xml version="1.0" encoding="UTF-8"?>
<!-- Generated by org.testng.reporters.JUnitReportReporter -->
<testsuite name="invalid.login.InvalidLoginTest" tests="1" time="16.044" ignored="0" failures="0" timestamp="19 бер. 2017 19:07:47 GMT" skipped="0" hostname="Spectre" errors="0">
  <testcase name="invalidLoginTest" time="16.044" classname="invalid.login.InvalidLoginTest"/>
</testsuite> <!-- invalid.login.InvalidLoginTest -->
